\BOOKMARK [1][-]{chapter*.2}{Informa\347\365es da Disciplina}{}% 1
\BOOKMARK [0][-]{chapter.1}{Espa\347os vetoriais}{}% 2
\BOOKMARK [1][-]{section.1.1}{Defini\347\365es Iniciais}{chapter.1}% 3
\BOOKMARK [1][-]{section.1.2}{Base e Dimens\343o}{chapter.1}% 4
\BOOKMARK [1][-]{section.1.3}{Subespa\347os}{chapter.1}% 5
\BOOKMARK [1][-]{section.1.4}{Coordenadas}{chapter.1}% 6
\BOOKMARK [0][-]{chapter.2}{Transforma\347\365es Lineares}{}% 7
\BOOKMARK [1][-]{section.2.1}{Defini\347\365es}{chapter.2}% 8
\BOOKMARK [1][-]{section.2.2}{Espa\347o Dual}{chapter.2}% 9
\BOOKMARK [1][-]{section.2.3}{Espa\347o Bidual}{chapter.2}% 10
\BOOKMARK [1][-]{section.2.4}{Anuladores}{chapter.2}% 11
\BOOKMARK [1][-]{section.2.5}{Transpostas}{chapter.2}% 12
\BOOKMARK [1][-]{section.2.6}{Espa\347os Quocientes}{chapter.2}% 13
\BOOKMARK [0][-]{chapter.3}{Determinantes}{}% 14
\BOOKMARK [1][-]{section.3.1}{Formas Multilineares}{chapter.3}% 15
\BOOKMARK [1][-]{section.3.2}{Determinantes}{chapter.3}% 16
\BOOKMARK [0][-]{chapter.4}{Formas Can\364nicas}{}% 17
\BOOKMARK [1][-]{section.4.1}{Espectro de um Operador}{chapter.4}% 18
\BOOKMARK [2][-]{subsection.4.1.1}{Autovalores e Autovetores}{section.4.1}% 19
\BOOKMARK [2][-]{subsection.4.1.2}{Polin\364mio Caracter\355stico}{section.4.1}% 20
\BOOKMARK [2][-]{subsection.4.1.3}{Polin\364mio Minimal}{section.4.1}% 21
\BOOKMARK [1][-]{section.4.2}{Restri\347\365es de Operadores}{chapter.4}% 22
\BOOKMARK [2][-]{subsection.4.2.1}{Subespa\347os Invariantes}{section.4.2}% 23
\BOOKMARK [2][-]{subsection.4.2.2}{Subespa\347os C\355clicos}{section.4.2}% 24
\BOOKMARK [1][-]{section.4.3}{Teoremas de Cayley-Hamilton}{chapter.4}% 25
\BOOKMARK [2][-]{subsection.4.3.1}{Teorema de Cayley-Hamilton Usual}{section.4.3}% 26
\BOOKMARK [2][-]{subsection.4.3.2}{Teorema de Cayley Hamilton ao Avesso}{section.4.3}% 27
\BOOKMARK [1][-]{section.4.4}{Decomposi\347\365es Prim\341rias}{chapter.4}% 28
\BOOKMARK [2][-]{subsection.4.4.1}{Decomposi\347\343o Prim\341ria Geral}{section.4.4}% 29
\BOOKMARK [2][-]{subsection.4.4.2}{Decomposi\347\343o Prim\341ria para Minimais}{section.4.4}% 30
\BOOKMARK [2][-]{subsection.4.4.3}{Decomposi\347\343o Prim\341ria para Caracter\355sticos}{section.4.4}% 31
\BOOKMARK [1][-]{section.4.5}{Crit\351rios de Diagonaliza\347\343o}{chapter.4}% 32
\BOOKMARK [2][-]{subsection.4.5.1}{Diagonaliza\347\343o Usual}{section.4.5}% 33
\BOOKMARK [2][-]{subsection.4.5.2}{Diagonaliza\347\343o Simult\342nea de V\341rios Operadores}{section.4.5}% 34
\BOOKMARK [1][-]{section.4.6}{Triangulariza\347\343o de Matrizes}{chapter.4}% 35
\BOOKMARK [2][-]{subsection.4.6.1}{Triangulariza\347\343o Usual}{section.4.6}% 36
\BOOKMARK [2][-]{subsection.4.6.2}{Triangulariza\347\343o Simult\342nea de V\341rios Operadores}{section.4.6}% 37
\BOOKMARK [2][-]{subsection.4.6.3}{Quase Triangulariza\347\343o}{section.4.6}% 38
\BOOKMARK [1][-]{section.4.7}{Decomposi\347\365es C\355clicas}{chapter.4}% 39
\BOOKMARK [2][-]{subsection.4.7.1}{Espa\347os Prim\341rios}{section.4.7}% 40
\BOOKMARK [2][-]{subsection.4.7.2}{Decomposi\347\343o C\355clica em Divisores Elementares}{section.4.7}% 41
\BOOKMARK [2][-]{subsection.4.7.3}{Decomposi\347\343o C\355clica em Fatores Invariantes}{section.4.7}% 42
\BOOKMARK [1][-]{section.4.8}{Formas Racionais de Matrizes}{chapter.4}% 43
\BOOKMARK [2][-]{subsection.4.8.1}{Matrizes Companheiras}{section.4.8}% 44
\BOOKMARK [2][-]{subsection.4.8.2}{Forma Racional para Divisores Elementares}{section.4.8}% 45
\BOOKMARK [2][-]{subsection.4.8.3}{Forma Racional para Fatores Invariantes}{section.4.8}% 46
\BOOKMARK [1][-]{section.4.9}{Formas de Jordan de Matrizes}{chapter.4}% 47
\BOOKMARK [2][-]{subsection.4.9.1}{Forma de Jordan Usual}{section.4.9}% 48
\BOOKMARK [2][-]{subsection.4.9.2}{Forma de Jordan Generalizada}{section.4.9}% 49
\BOOKMARK [2][-]{subsection.4.9.3}{Forma de Jordan Real}{section.4.9}% 50
\BOOKMARK [1][-]{section.4.10}{Espa\347os Indecompon\355veis}{chapter.4}% 51
\BOOKMARK [2][-]{subsection.4.10.1}{Espa\347os C\355clicos}{section.4.10}% 52
\BOOKMARK [2][-]{subsection.4.10.2}{Espa\347os Indecompon\355veis}{section.4.10}% 53
\BOOKMARK [2][-]{subsection.4.10.3}{Teorema de Cauchy}{section.4.10}% 54
\BOOKMARK [0][-]{chapter.5}{Espa\347os com Produto Interno}{}% 55
\BOOKMARK [1][-]{section.5.1}{Defini\347\365es e Exemplos}{chapter.5}% 56
\BOOKMARK [1][-]{section.5.2}{Matriz de Gramm}{chapter.5}% 57
\BOOKMARK [1][-]{section.5.3}{Espa\347os Normados}{chapter.5}% 58
\BOOKMARK [1][-]{section.5.4}{Ortogonalidade}{chapter.5}% 59
\BOOKMARK [1][-]{section.5.5}{Funcionais Lineares}{chapter.5}% 60
\BOOKMARK [1][-]{section.5.6}{Transforma\347\343o Adjunta}{chapter.5}% 61
\BOOKMARK [1][-]{section.5.7}{Operadores Unit\341rios}{chapter.5}% 62
\BOOKMARK [1][-]{section.5.8}{Operadores Normais}{chapter.5}% 63
\BOOKMARK [1][-]{section.5.9}{Formas Can\364nicas}{chapter.5}% 64
\BOOKMARK [2][-]{subsection.5.9.1}{Caso dos N\372meros Complexos}{section.5.9}% 65
\BOOKMARK [2][-]{subsection.5.9.2}{Caso dos N\372meros Reais}{section.5.9}% 66
