\BOOKMARK [1][-]{section.1}{Lista 0}{}% 1
\BOOKMARK [2][-]{subsection.1.1}{Exerc\355cio 1}{section.1}% 2
\BOOKMARK [2][-]{subsection.1.2}{Exerc\355cio 2}{section.1}% 3
\BOOKMARK [2][-]{subsection.1.3}{Exerc\355cio 3}{section.1}% 4
\BOOKMARK [2][-]{subsection.1.4}{Exerc\355cio 4}{section.1}% 5
\BOOKMARK [2][-]{subsection.1.5}{Exerc\355cio 5}{section.1}% 6
\BOOKMARK [2][-]{subsection.1.6}{Exerc\355cio 6}{section.1}% 7
\BOOKMARK [2][-]{subsection.1.7}{Exerc\355cio 7}{section.1}% 8
\BOOKMARK [2][-]{subsection.1.8}{Exerc\355cio 8}{section.1}% 9
\BOOKMARK [2][-]{subsection.1.9}{Exerc\355cio 9}{section.1}% 10
\BOOKMARK [2][-]{subsection.1.10}{Exerc\355cio 10}{section.1}% 11
\BOOKMARK [2][-]{subsection.1.11}{Exerc\355cio 11}{section.1}% 12
\BOOKMARK [2][-]{subsection.1.12}{Exerc\355cio 12}{section.1}% 13
\BOOKMARK [2][-]{subsection.1.13}{Exerc\355cio 13}{section.1}% 14
\BOOKMARK [2][-]{subsection.1.14}{Exerc\355cio 14}{section.1}% 15
\BOOKMARK [2][-]{subsection.1.15}{Exerc\355cio 15}{section.1}% 16
\BOOKMARK [2][-]{subsection.1.16}{Exerc\355cio 16}{section.1}% 17
\BOOKMARK [2][-]{subsection.1.17}{Exerc\355cio 17}{section.1}% 18
\BOOKMARK [2][-]{subsection.1.18}{Exerc\355cio 18}{section.1}% 19
\BOOKMARK [2][-]{subsection.1.19}{Exerc\355cio 19}{section.1}% 20
\BOOKMARK [2][-]{subsection.1.20}{Exerc\355cio 20}{section.1}% 21
\BOOKMARK [2][-]{subsection.1.21}{Exerc\355cio 21}{section.1}% 22
\BOOKMARK [1][-]{section.2}{Lista 1}{}% 23
\BOOKMARK [2][-]{subsection.2.1}{Exerc\355cio 1}{section.2}% 24
\BOOKMARK [2][-]{subsection.2.2}{Exerc\355cio 2}{section.2}% 25
\BOOKMARK [2][-]{subsection.2.3}{Exerc\355cio 3}{section.2}% 26
\BOOKMARK [2][-]{subsection.2.4}{Exerc\355cio 4}{section.2}% 27
\BOOKMARK [2][-]{subsection.2.5}{Exerc\355cio 5}{section.2}% 28
\BOOKMARK [2][-]{subsection.2.6}{Exerc\355cio 6}{section.2}% 29
\BOOKMARK [2][-]{subsection.2.7}{Exerc\355cio 7}{section.2}% 30
\BOOKMARK [2][-]{subsection.2.8}{Exerc\355cio 8}{section.2}% 31
\BOOKMARK [2][-]{subsection.2.9}{Exerc\355cio 9}{section.2}% 32
\BOOKMARK [2][-]{subsection.2.10}{Exerc\355cio 10}{section.2}% 33
\BOOKMARK [2][-]{subsection.2.11}{Exerc\355cio 11}{section.2}% 34
\BOOKMARK [2][-]{subsection.2.12}{Exerc\355cio 12}{section.2}% 35
\BOOKMARK [2][-]{subsection.2.13}{Exerc\355cio 13}{section.2}% 36
\BOOKMARK [2][-]{subsection.2.14}{Exerc\355cio 14}{section.2}% 37
\BOOKMARK [2][-]{subsection.2.15}{Exerc\355cio 15}{section.2}% 38
\BOOKMARK [2][-]{subsection.2.16}{Exerc\355cio 16}{section.2}% 39
\BOOKMARK [2][-]{subsection.2.17}{Exerc\355cio 17}{section.2}% 40
\BOOKMARK [2][-]{subsection.2.18}{Exerc\355cio 18}{section.2}% 41
\BOOKMARK [2][-]{subsection.2.19}{Exerc\355cio 19}{section.2}% 42
\BOOKMARK [2][-]{subsection.2.20}{Exerc\355cio 20}{section.2}% 43
\BOOKMARK [2][-]{subsection.2.21}{Exerc\355cio 21}{section.2}% 44
\BOOKMARK [2][-]{subsection.2.22}{Exerc\355cio 22}{section.2}% 45
\BOOKMARK [2][-]{subsection.2.23}{Exerc\355cio 23}{section.2}% 46
\BOOKMARK [2][-]{subsection.2.24}{Exerc\355cio 24}{section.2}% 47
\BOOKMARK [2][-]{subsection.2.25}{Exerc\355cio 25}{section.2}% 48
\BOOKMARK [2][-]{subsection.2.26}{Exerc\355cio 26}{section.2}% 49
\BOOKMARK [2][-]{subsection.2.27}{Exerc\355cio 27}{section.2}% 50
\BOOKMARK [2][-]{subsection.2.28}{Exerc\355cio 28}{section.2}% 51
\BOOKMARK [2][-]{subsection.2.29}{Exerc\355cio 29}{section.2}% 52
\BOOKMARK [2][-]{subsection.2.30}{Exerc\355cio 30}{section.2}% 53
\BOOKMARK [2][-]{subsection.2.31}{Exerc\355cio 31}{section.2}% 54
\BOOKMARK [2][-]{subsection.2.32}{Exerc\355cio 32}{section.2}% 55
\BOOKMARK [2][-]{subsection.2.33}{Exerc\355cio 33}{section.2}% 56
\BOOKMARK [2][-]{subsection.2.34}{Exerc\355cio 34}{section.2}% 57
\BOOKMARK [1][-]{section.3}{Lista 2}{}% 58
\BOOKMARK [2][-]{subsection.3.1}{Exerc\355cio 1}{section.3}% 59
\BOOKMARK [2][-]{subsection.3.2}{Exerc\355cio 2}{section.3}% 60
\BOOKMARK [2][-]{subsection.3.3}{Exerc\355cio 3}{section.3}% 61
\BOOKMARK [2][-]{subsection.3.4}{Exerc\355cio 4}{section.3}% 62
\BOOKMARK [2][-]{subsection.3.5}{Exerc\355cio 5}{section.3}% 63
\BOOKMARK [2][-]{subsection.3.6}{Exerc\355cio 6}{section.3}% 64
\BOOKMARK [2][-]{subsection.3.7}{Exerc\355cio 7}{section.3}% 65
\BOOKMARK [2][-]{subsection.3.8}{Exerc\355cio 8}{section.3}% 66
\BOOKMARK [2][-]{subsection.3.9}{Exerc\355cio 9}{section.3}% 67
\BOOKMARK [2][-]{subsection.3.10}{Exerc\355cio 10}{section.3}% 68
\BOOKMARK [2][-]{subsection.3.11}{Exerc\355cio 11}{section.3}% 69
\BOOKMARK [2][-]{subsection.3.12}{Exerc\355cio 12}{section.3}% 70
\BOOKMARK [2][-]{subsection.3.13}{Exerc\355cio 13}{section.3}% 71
\BOOKMARK [2][-]{subsection.3.14}{Exerc\355cio 14}{section.3}% 72
\BOOKMARK [2][-]{subsection.3.15}{Exerc\355cio 15}{section.3}% 73
\BOOKMARK [2][-]{subsection.3.16}{Exerc\355cio 16}{section.3}% 74
\BOOKMARK [2][-]{subsection.3.17}{Exerc\355cio 17}{section.3}% 75
\BOOKMARK [2][-]{subsection.3.18}{Exerc\355cio 18}{section.3}% 76
\BOOKMARK [2][-]{subsection.3.19}{Exerc\355cio 19}{section.3}% 77
\BOOKMARK [2][-]{subsection.3.20}{Exerc\355cio 20}{section.3}% 78
\BOOKMARK [2][-]{subsection.3.21}{Exerc\355cio 21}{section.3}% 79
\BOOKMARK [2][-]{subsection.3.22}{Exerc\355cio 22}{section.3}% 80
\BOOKMARK [2][-]{subsection.3.23}{Exerc\355cio 23}{section.3}% 81
\BOOKMARK [2][-]{subsection.3.24}{Exerc\355cio 24}{section.3}% 82
\BOOKMARK [2][-]{subsection.3.25}{Exerc\355cio 25}{section.3}% 83
\BOOKMARK [2][-]{subsection.3.26}{Exerc\355cio 26}{section.3}% 84
\BOOKMARK [2][-]{subsection.3.27}{Exerc\355cio 27}{section.3}% 85
\BOOKMARK [2][-]{subsection.3.28}{Exerc\355cio 28}{section.3}% 86
\BOOKMARK [2][-]{subsection.3.29}{Exerc\355cio 29}{section.3}% 87
\BOOKMARK [2][-]{subsection.3.30}{Exerc\355cio 30}{section.3}% 88
\BOOKMARK [2][-]{subsection.3.31}{Exerc\355cio 31}{section.3}% 89
\BOOKMARK [2][-]{subsection.3.32}{Exerc\355cio 32}{section.3}% 90
\BOOKMARK [2][-]{subsection.3.33}{Exerc\355cio 33}{section.3}% 91
\BOOKMARK [2][-]{subsection.3.34}{Exerc\355cio 34}{section.3}% 92
\BOOKMARK [2][-]{subsection.3.35}{Exerc\355cio 35}{section.3}% 93
\BOOKMARK [1][-]{section.4}{Lista 3}{}% 94
\BOOKMARK [2][-]{subsection.4.1}{Exerc\355cio 1}{section.4}% 95
\BOOKMARK [2][-]{subsection.4.2}{Exerc\355cio 2}{section.4}% 96
\BOOKMARK [2][-]{subsection.4.3}{Exerc\355cio 3}{section.4}% 97
\BOOKMARK [2][-]{subsection.4.4}{Exerc\355cio 4}{section.4}% 98
\BOOKMARK [2][-]{subsection.4.5}{Exerc\355cio 5}{section.4}% 99
\BOOKMARK [2][-]{subsection.4.6}{Exerc\355cio 6}{section.4}% 100
\BOOKMARK [2][-]{subsection.4.7}{Exerc\355cio 7}{section.4}% 101
\BOOKMARK [2][-]{subsection.4.8}{Exerc\355cio 8}{section.4}% 102
\BOOKMARK [2][-]{subsection.4.9}{Exerc\355cio 9}{section.4}% 103
\BOOKMARK [2][-]{subsection.4.10}{Exerc\355cio 10}{section.4}% 104
\BOOKMARK [2][-]{subsection.4.11}{Exerc\355cio 11}{section.4}% 105
\BOOKMARK [2][-]{subsection.4.12}{Exerc\355cio 12}{section.4}% 106
\BOOKMARK [2][-]{subsection.4.13}{Exerc\355cio 13}{section.4}% 107
\BOOKMARK [2][-]{subsection.4.14}{Exerc\355cio 14}{section.4}% 108
\BOOKMARK [1][-]{section.5}{Lista 4}{}% 109
\BOOKMARK [2][-]{subsection.5.1}{Exerc\355cio 1}{section.5}% 110
\BOOKMARK [2][-]{subsection.5.2}{Exerc\355cio 2}{section.5}% 111
\BOOKMARK [2][-]{subsection.5.3}{Exerc\355cio 3}{section.5}% 112
\BOOKMARK [2][-]{subsection.5.4}{Exerc\355cio 4}{section.5}% 113
\BOOKMARK [2][-]{subsection.5.5}{Exerc\355cio 5}{section.5}% 114
\BOOKMARK [2][-]{subsection.5.6}{Exerc\355cio 6}{section.5}% 115
\BOOKMARK [2][-]{subsection.5.7}{Exerc\355cio 7}{section.5}% 116
\BOOKMARK [2][-]{subsection.5.8}{Exerc\355cio 8}{section.5}% 117
\BOOKMARK [2][-]{subsection.5.9}{Exerc\355cio 9}{section.5}% 118
\BOOKMARK [2][-]{subsection.5.10}{Exerc\355cio 10}{section.5}% 119
\BOOKMARK [2][-]{subsection.5.11}{Exerc\355cio 11}{section.5}% 120
\BOOKMARK [2][-]{subsection.5.12}{Exerc\355cio 12}{section.5}% 121
\BOOKMARK [2][-]{subsection.5.13}{Exerc\355cio 13}{section.5}% 122
\BOOKMARK [2][-]{subsection.5.14}{Exerc\355cio 14}{section.5}% 123
\BOOKMARK [2][-]{subsection.5.15}{Exerc\355cio 15}{section.5}% 124
\BOOKMARK [2][-]{subsection.5.16}{Exerc\355cio 16}{section.5}% 125
\BOOKMARK [2][-]{subsection.5.17}{Exerc\355cio 17}{section.5}% 126
\BOOKMARK [2][-]{subsection.5.18}{Exerc\355cio 18}{section.5}% 127
\BOOKMARK [2][-]{subsection.5.19}{Exerc\355cio 19}{section.5}% 128
\BOOKMARK [2][-]{subsection.5.20}{Exerc\355cio 20}{section.5}% 129
\BOOKMARK [2][-]{subsection.5.21}{Exerc\355cio 21}{section.5}% 130
\BOOKMARK [2][-]{subsection.5.22}{Exerc\355cio 22}{section.5}% 131
\BOOKMARK [2][-]{subsection.5.23}{Exerc\355cio 23}{section.5}% 132
\BOOKMARK [2][-]{subsection.5.24}{Exerc\355cio 24}{section.5}% 133
\BOOKMARK [2][-]{subsection.5.25}{Exerc\355cio 25}{section.5}% 134
\BOOKMARK [2][-]{subsection.5.26}{Exerc\355cio 26}{section.5}% 135
\BOOKMARK [2][-]{subsection.5.27}{Exerc\355cio 27}{section.5}% 136
\BOOKMARK [2][-]{subsection.5.28}{Exerc\355cio 28}{section.5}% 137
\BOOKMARK [2][-]{subsection.5.29}{Exerc\355cio 29}{section.5}% 138
\BOOKMARK [2][-]{subsection.5.30}{Exerc\355cio 30}{section.5}% 139
\BOOKMARK [2][-]{subsection.5.31}{Exerc\355cio 31}{section.5}% 140
\BOOKMARK [1][-]{section.6}{Lista 5}{}% 141
\BOOKMARK [2][-]{subsection.6.1}{Exerc\355cio 1}{section.6}% 142
\BOOKMARK [2][-]{subsection.6.2}{Exerc\355cio 2}{section.6}% 143
\BOOKMARK [2][-]{subsection.6.3}{Exerc\355cio 3}{section.6}% 144
\BOOKMARK [2][-]{subsection.6.4}{Exerc\355cio 4}{section.6}% 145
\BOOKMARK [2][-]{subsection.6.5}{Exerc\355cio 5}{section.6}% 146
\BOOKMARK [2][-]{subsection.6.6}{Exerc\355cio 6}{section.6}% 147
\BOOKMARK [2][-]{subsection.6.7}{Exerc\355cio 7}{section.6}% 148
\BOOKMARK [2][-]{subsection.6.8}{Exerc\355cio 8}{section.6}% 149
\BOOKMARK [2][-]{subsection.6.9}{Exerc\355cio 9}{section.6}% 150
\BOOKMARK [2][-]{subsection.6.10}{Exerc\355cio 10}{section.6}% 151
\BOOKMARK [2][-]{subsection.6.11}{Exerc\355cio 11}{section.6}% 152
\BOOKMARK [2][-]{subsection.6.12}{Exerc\355cio 12}{section.6}% 153
\BOOKMARK [2][-]{subsection.6.13}{Exerc\355cio 13}{section.6}% 154
\BOOKMARK [2][-]{subsection.6.14}{Exerc\355cio 14}{section.6}% 155
\BOOKMARK [2][-]{subsection.6.15}{Exerc\355cio 15}{section.6}% 156
\BOOKMARK [2][-]{subsection.6.16}{Exerc\355cio 16}{section.6}% 157
\BOOKMARK [2][-]{subsection.6.17}{Exerc\355cio 17}{section.6}% 158
\BOOKMARK [2][-]{subsection.6.18}{Exerc\355cio 18}{section.6}% 159
\BOOKMARK [2][-]{subsection.6.19}{Exerc\355cio 19}{section.6}% 160
\BOOKMARK [2][-]{subsection.6.20}{Exerc\355cio 20}{section.6}% 161
\BOOKMARK [2][-]{subsection.6.21}{Exerc\355cio 21}{section.6}% 162
\BOOKMARK [2][-]{subsection.6.22}{Exerc\355cio 22}{section.6}% 163
\BOOKMARK [2][-]{subsection.6.23}{Exerc\355cio 23}{section.6}% 164
\BOOKMARK [2][-]{subsection.6.24}{Exerc\355cio 24}{section.6}% 165
\BOOKMARK [2][-]{subsection.6.25}{Exerc\355cio 25}{section.6}% 166
\BOOKMARK [2][-]{subsection.6.26}{Exerc\355cio 26}{section.6}% 167
\BOOKMARK [2][-]{subsection.6.27}{Exerc\355cio 31}{section.6}% 168
\BOOKMARK [2][-]{subsection.6.28}{Exerc\355cio 32}{section.6}% 169
\BOOKMARK [2][-]{subsection.6.29}{Exerc\355cio 33}{section.6}% 170
\BOOKMARK [2][-]{subsection.6.30}{Exerc\355cio 34}{section.6}% 171
\BOOKMARK [2][-]{subsection.6.31}{Exerc\355cio 35}{section.6}% 172
\BOOKMARK [1][-]{section.7}{Lista 5,5}{}% 173
\BOOKMARK [2][-]{subsection.7.1}{Exerc\355cio 1}{section.7}% 174
\BOOKMARK [2][-]{subsection.7.2}{Exerc\355cio 2}{section.7}% 175
\BOOKMARK [2][-]{subsection.7.3}{Exerc\355cio 3}{section.7}% 176
\BOOKMARK [2][-]{subsection.7.4}{Exerc\355cio 4}{section.7}% 177
\BOOKMARK [2][-]{subsection.7.5}{Exerc\355cio 5}{section.7}% 178
\BOOKMARK [2][-]{subsection.7.6}{Exerc\355cio 6}{section.7}% 179
\BOOKMARK [2][-]{subsection.7.7}{Exerc\355cio 7}{section.7}% 180
\BOOKMARK [2][-]{subsection.7.8}{Exerc\355cio 8}{section.7}% 181
\BOOKMARK [2][-]{subsection.7.9}{Exerc\355cio 9}{section.7}% 182
\BOOKMARK [2][-]{subsection.7.10}{Exerc\355cio 10}{section.7}% 183
\BOOKMARK [2][-]{subsection.7.11}{Exerc\355cio 11}{section.7}% 184
\BOOKMARK [2][-]{subsection.7.12}{Exerc\355cio 12}{section.7}% 185
\BOOKMARK [2][-]{subsection.7.13}{Exerc\355cio 13}{section.7}% 186
\BOOKMARK [2][-]{subsection.7.14}{Exerc\355cio 14}{section.7}% 187
\BOOKMARK [2][-]{subsection.7.15}{Exerc\355cio 15}{section.7}% 188
\BOOKMARK [2][-]{subsection.7.16}{Exerc\355cio 16}{section.7}% 189
\BOOKMARK [2][-]{subsection.7.17}{Exerc\355cio 17}{section.7}% 190
\BOOKMARK [2][-]{subsection.7.18}{Exerc\355cio 18}{section.7}% 191
\BOOKMARK [2][-]{subsection.7.19}{Exerc\355cio 19}{section.7}% 192
\BOOKMARK [2][-]{subsection.7.20}{Exerc\355cio 20}{section.7}% 193
\BOOKMARK [2][-]{subsection.7.21}{Exerc\355cio 21}{section.7}% 194
\BOOKMARK [2][-]{subsection.7.22}{Exerc\355cio 22}{section.7}% 195
\BOOKMARK [2][-]{subsection.7.23}{Exerc\355cio 23}{section.7}% 196
\BOOKMARK [2][-]{subsection.7.24}{Exerc\355cio 24}{section.7}% 197
\BOOKMARK [2][-]{subsection.7.25}{Exerc\355cio 25}{section.7}% 198
\BOOKMARK [2][-]{subsection.7.26}{Exerc\355cio 26}{section.7}% 199
\BOOKMARK [2][-]{subsection.7.27}{Exerc\355cio 27}{section.7}% 200
\BOOKMARK [2][-]{subsection.7.28}{Exerc\355cio 28}{section.7}% 201
\BOOKMARK [2][-]{subsection.7.29}{Exerc\355cio 29}{section.7}% 202
\BOOKMARK [2][-]{subsection.7.30}{Exerc\355cio 30}{section.7}% 203
\BOOKMARK [2][-]{subsection.7.31}{Exerc\355cio 31}{section.7}% 204
\BOOKMARK [2][-]{subsection.7.32}{Exerc\355cio 32}{section.7}% 205
\BOOKMARK [2][-]{subsection.7.33}{Exerc\355cio 33}{section.7}% 206
\BOOKMARK [2][-]{subsection.7.34}{Exerc\355cio 34}{section.7}% 207
\BOOKMARK [2][-]{subsection.7.35}{Exerc\355cio 35}{section.7}% 208
\BOOKMARK [2][-]{subsection.7.36}{Exerc\355cio 36}{section.7}% 209
\BOOKMARK [2][-]{subsection.7.37}{Exerc\355cio 37}{section.7}% 210
\BOOKMARK [2][-]{subsection.7.38}{Exerc\355cio 38}{section.7}% 211
\BOOKMARK [2][-]{subsection.7.39}{Exerc\355cio 39}{section.7}% 212
\BOOKMARK [2][-]{subsection.7.40}{Exerc\355cio 40}{section.7}% 213
\BOOKMARK [2][-]{subsection.7.41}{Exerc\355cio 41}{section.7}% 214
\BOOKMARK [2][-]{subsection.7.42}{Exerc\355cio 42}{section.7}% 215
\BOOKMARK [2][-]{subsection.7.43}{Exerc\355cio k}{section.7}% 216
\BOOKMARK [2][-]{subsection.7.44}{Exerc\355cio k+1}{section.7}% 217
\BOOKMARK [2][-]{subsection.7.45}{Exerc\355cio k+2}{section.7}% 218
\BOOKMARK [1][-]{section.8}{Lista 6}{}% 219
\BOOKMARK [2][-]{subsection.8.1}{Exerc\355cio 1}{section.8}% 220
\BOOKMARK [2][-]{subsection.8.2}{Exerc\355cio 31}{section.8}% 221
